"../../../DonCartellios001/Content/lambert1.uasset" 0
"../../../DonCartellios001/Content/polySurface124Mat.uasset" 1
"../../../DonCartellios001/Content/Art/Room_001.uasset" 2
"../../../DonCartellios001/Content/Art/room_1_Q_001.uasset" 3
"../../../DonCartellios001/Content/Art/room_2_G_001.uasset" 4
"../../../DonCartellios001/Content/Art/room_3_I_001.uasset" 5
"../../../DonCartellios001/Content/Art/room_4_A_001.uasset" 6
"../../../DonCartellios001/Content/Art/Assets/cutlery_plates/props_alb_001.uasset" 7
"../../../DonCartellios001/Content/Art/Assets/cutlery_plates/cutlery.uasset" 8
"../../../DonCartellios001/Content/Art/Assets/cutlery_plates/knife_001.uasset" 9
"../../../DonCartellios001/Content/Art/Assets/cutlery_plates/plate_001.uasset" 10
"../../../DonCartellios001/Content/Art/Assets/cutlery_plates/props_transp_001.uasset" 11
"../../../DonCartellios001/Content/Art/Assets/cutlery_plates/spoon_001.uasset" 12
"../../../DonCartellios001/Content/Art/Assets/HUD/CLOCK_001.uasset" 13
"../../../DonCartellios001/Content/Art/Assets/HUD/pick_up_button.uasset" 14
"../../../DonCartellios001/Content/Art/Assets/HUD/REstart_button.uasset" 15
"../../../DonCartellios001/Content/Art/Assets/HUD/REstart_button_light.uasset" 16
"../../../DonCartellios001/Content/Art/Assets/pizzas_bases/pizza_boards_v1.uasset" 17
"../../../DonCartellios001/Content/Art/Assets/pizzas_bases/pizza_boards_v2.uasset" 18
"../../../DonCartellios001/Content/Art/Assets/plants/lambert10.uasset" 19
"../../../DonCartellios001/Content/Art/Assets/plants/lambert11.uasset" 20
"../../../DonCartellios001/Content/Art/Assets/plants/lambert9.uasset" 21
"../../../DonCartellios001/Content/Art/Assets/plants/fluffy_plant_001.uasset" 22
"../../../DonCartellios001/Content/Art/Assets/plants/lambert12.uasset" 23
"../../../DonCartellios001/Content/Art/Assets/plants/lambert13.uasset" 24
"../../../DonCartellios001/Content/Art/Assets/plants/lambert14.uasset" 25
"../../../DonCartellios001/Content/Art/Assets/plants/Tall_plant_001.uasset" 26
"../../../DonCartellios001/Content/Art/Assets/seats/_002/lambert7.uasset" 27
"../../../DonCartellios001/Content/Art/Assets/seats/_002/lambert8.uasset" 28
"../../../DonCartellios001/Content/Art/Assets/seats/_002/bench_002.uasset" 29
"../../../DonCartellios001/Content/Art/Assets/tables/lambert7.uasset" 30
"../../../DonCartellios001/Content/Art/Assets/tables/table_circ_001.uasset" 31
"../../../DonCartellios001/Content/Art/Assets/tables/Red.uasset" 32
"../../../DonCartellios001/Content/Art/Assets/tables/table_rug_001.uasset" 33
"../../../DonCartellios001/Content/Art/Assets/tables/table_rug_circ_001.uasset" 34
"../../../DonCartellios001/Content/Art/Assets/tables/table__001.uasset" 35
"../../../DonCartellios001/Content/Art/Assets/tables/_002/lambert7.uasset" 36
"../../../DonCartellios001/Content/Art/Assets/tables/_002/table_002.uasset" 37
"../../../DonCartellios001/Content/Art/Assets/tables/_002/lambert12.uasset" 38
"../../../DonCartellios001/Content/Art/Assets/tables/_002/table_circ_002.uasset" 39
"../../../DonCartellios001/Content/Art/Rooms/room_1_Q_002.uasset" 40
"../../../DonCartellios001/Content/Art/Rooms/room_2_G_002.uasset" 41
"../../../DonCartellios001/Content/Art/Rooms/room_3_I_002.uasset" 42
"../../../DonCartellios001/Content/Art/Rooms/room_4_A_002.uasset" 43
"../../../DonCartellios001/Content/Art/Rooms_v3/lambert13.uasset" 44
"../../../DonCartellios001/Content/Art/Rooms_v3/Room_1_Q_003.uasset" 45
"../../../DonCartellios001/Content/Art/Rooms_v3/lambert14.uasset" 46
"../../../DonCartellios001/Content/Art/Rooms_v3/Room_2_G_003.uasset" 47
"../../../DonCartellios001/Content/Art/Rooms_v3/lambert12.uasset" 48
"../../../DonCartellios001/Content/Art/Rooms_v3/Room_3_I_003.uasset" 49
"../../../DonCartellios001/Content/Art/Rooms_v3/lambert15.uasset" 50
"../../../DonCartellios001/Content/Art/Rooms_v3/Room_4_A_003.uasset" 51
"../../../DonCartellios001/Content/Art/Rooms_v3/lambert16.uasset" 52
"../../../DonCartellios001/Content/Art/Rooms_v3/Room_5_X_003.uasset" 53
"../../../DonCartellios001/Content/Art/Rooms_v4/file1Material.uasset" 54
"../../../DonCartellios001/Content/Art/Animation/OrcPlaceholderWalk_Skeleton.uasset" 55
"../../../DonCartellios001/Content/Art/Animation/OrcPlaceholderWalk_Anim.uasset" 56
"../../../Engine/Content/EditorBlueprintResources/StandardMacros.uasset" 57
"../../../DonCartellios001/Content/Blueprints/Weapons/M16.uasset" 58
"../../../DonCartellios001/Content/Blueprints/Weapons/WeaponModel/Copper.uasset" 59
"../../../DonCartellios001/Content/Blueprints/Enemies/EnemyM162.uasset" 60
"../../../DonCartellios001/Content/Blueprints/Weapons/Ravolver.uasset" 61
"../../../DonCartellios001/Content/Blueprints/Materials/Handle1.uasset" 62
"../../../DonCartellios001/Content/Blueprints/Materials/lambert1.uasset" 63
"../../../DonCartellios001/Content/Blueprints/Weapons/WeaponModel/Ravi-Olver_1.uasset" 64
"../../../DonCartellios001/Content/Blueprints/Enemies/EnemyRavolver.uasset" 65
"../../../DonCartellios001/Content/Blueprints/Weapons/Shotgun.uasset" 66
"../../../DonCartellios001/Content/Blueprints/Weapons/WeaponModel/Blue.uasset" 67
"../../../DonCartellios001/Content/Blueprints/Weapons/WeaponModel/Shot_Pun_1.uasset" 68
"../../../DonCartellios001/Content/Blueprints/Enemies/EnemyShotgun.uasset" 69
"../../../DonCartellios001/Content/Blueprints/Weapons/SMG.uasset" 70
"../../../DonCartellios001/Content/Blueprints/Weapons/WeaponModel/Green.uasset" 71
"../../../DonCartellios001/Content/Blueprints/Weapons/WeaponModel/Red.uasset" 72
"../../../DonCartellios001/Content/Blueprints/Weapons/WeaponModel/Unnamed_SMG_Quick1.uasset" 73
"../../../DonCartellios001/Content/Blueprints/Enemies/EnemySMG.uasset" 74
"../../../DonCartellios001/Content/Blueprints/Enemies/EnemySpawner.uasset" 75
"../../../Engine/Content/Functions/Engine_MaterialFunctions01/Opacity/CameraDepthFade.uasset" 76
"../../../Engine/Content/EngineMaterials/T_Default_Material_Grid_M.uasset" 77
"../../../Engine/Content/EngineMaterials/T_Default_Material_Grid_N.uasset" 78
"../../../Engine/Content/EngineMaterials/WorldGridMaterial.uasset" 79
"../../../Engine/Content/BasicShapes/Cube.uasset" 80
"../../../DonCartellios001/Content/Blueprints/lambert1.uasset" 81
"../../../DonCartellios001/Content/Blueprints/RoomBP/RoomMesh/room_Q_001.uasset" 82
"../../../DonCartellios001/Content/Blueprints/RoomBP/BaseRoom_BP.uasset" 83
"../../../Engine/Content/VREditor/TransformGizmo/Main.uasset" 84
"../../../DonCartellios001/Content/FirstPersonProjectileMesh.uasset" 85
"../../../DonCartellios001/Content/Blueprints/Projectile.uasset" 86
"../../../DonCartellios001/Content/Blueprints/Weapons/WeaponParent.uasset" 87
"../../../DonCartellios001/Content/Art/Pickups/Crate.uasset" 88
"../../../DonCartellios001/Content/Art/Pickups/Crate_V1.uasset" 89
"../../../DonCartellios001/Content/Blueprints/Weapons/WeaponModel/Carbine_Ara_1.uasset" 90
"../../../DonCartellios001/Content/Blueprints/Weapons/WeaponModel/lambert1.uasset" 91
"../../../DonCartellios001/Content/Blueprints/Weapons/WeaponModel/M16_1_1_.uasset" 92
"../../../DonCartellios001/Content/Blueprints/Weapons/WeaponModel/Unnamed_AK_Quick1.uasset" 93
"../../../DonCartellios001/Content/Blueprints/Weapons/WeaponModel/Unnamed_Tommy_Gun_Quick1.uasset" 94
"../../../DonCartellios001/Content/Blueprints/Pickups/WeaponPickup.uasset" 95
"../../../DonCartellios001/Content/Blueprints/Mannequin/Character/Mesh/SK_Mannequin_Skeleton.uasset" 96
"../../../DonCartellios001/Content/Blueprints/Mannequin/Character/Mesh/SK_Mannequin.uasset" 97
"../../../DonCartellios001/Content/Blueprints/VR/BP_MotionController.uasset" 98
"../../../DonCartellios001/Content/Blueprints/Weapons/Ak.uasset" 99
"../../../DonCartellios001/Content/Blueprints/Weapons/Carbine-Ara.uasset" 100
"../../../DonCartellios001/Content/Blueprints/Weapons/TommyGun.uasset" 101
"../../../Engine/Content/VREditor/LaserPointer/VR_LaserPower_01.uasset" 102
"../../../Engine/Content/VREditor/LaserPointer/LaserPointerMaterial.uasset" 103
"../../../Engine/Content/VREditor/LaserPointer/LaserPointerMaterial_Inst.uasset" 104
"../../../DonCartellios001/Content/Art/Animation/lambert2.uasset" 105
"../../../DonCartellios001/Content/Art/Animation/OrcPlaceholderWalk_PhysicsAsset.uasset" 106
"../../../DonCartellios001/Content/Art/Animation/OrcPlaceholderWalk.uasset" 107
"../../../DonCartellios001/Content/Fonts/BebasNeue.uasset" 108
"../../../DonCartellios001/Content/Fonts/BebasNeue_Font.uasset" 109
"../../../DonCartellios001/Content/Art/Assets/HUD/back_button.uasset" 110
"../../../DonCartellios001/Content/Art/Assets/HUD/back_button_light.uasset" 111
"../../../DonCartellios001/Content/Art/Assets/HUD/controls_button.uasset" 112
"../../../DonCartellios001/Content/Art/Assets/HUD/controls_button_light.uasset" 113
"../../../DonCartellios001/Content/Art/Assets/HUD/main_menu_button.uasset" 114
"../../../DonCartellios001/Content/Art/Assets/HUD/main_menu_button_Lit.uasset" 115
"../../../DonCartellios001/Content/Art/Assets/HUD/pause_button.uasset" 116
"../../../DonCartellios001/Content/Blueprints/HUD/PauseMenu.uasset" 117
"../../../DonCartellios001/Content/Blueprints/TopDownCharacter.uasset" 118
"../../../DonCartellios001/Content/Art/Pickups/Copper.uasset" 119
"../../../DonCartellios001/Content/Art/Pickups/Gold.uasset" 120
"../../../DonCartellios001/Content/Art/Pickups/Ammo_V1.uasset" 121
"../../../DonCartellios001/Content/Blueprints/Pickups/AmmoParent.uasset" 122
"../../../DonCartellios001/Content/Blueprints/Pickups/HealthPickup.uasset" 123
"../../../Engine/Content/MapTemplates/Materials/BasicAsset01.uasset" 124
"../../../Engine/Content/VREditor/LaserPointer/LaserPointerMaterialInst.uasset" 125
"../../../DonCartellios001/Content/Blueprints/Enemies/EnemyParent.uasset" 126
"../../../DonCartellios001/Content/Blueprints/RPGProjectile.uasset" 127
"../../../Engine/Content/BasicShapes/BasicShapeMaterial.uasset" 128
"../../../DonCartellios001/Content/Blueprints/VD_Pickup.uasset" 129
"../../../DonCartellios001/Content/Blueprints/Enemies/EnemyCarbineara.uasset" 130
"../../../DonCartellios001/Content/Blueprints/Enemies/EnemyM16.uasset" 131
"../../../DonCartellios001/Content/Blueprints/HUD/HUD.uasset" 132
"../../../DonCartellios001/Content/Blueprints/Mannequin/Character/Mesh/SK_Mannequin_PhysicsAsset.uasset" 133
"../../../DonCartellios001/Content/Blueprints/Mannequin/Character/Mesh/UE4_Mannequin_Skeleton.uasset" 134
"../../../DonCartellios001/Content/Blueprints/Mannequin/Character/Textures/UE4Man_Logo_N.uasset" 135
"../../../DonCartellios001/Content/Blueprints/Mannequin/Character/Textures/UE4_LOGO_CARD.uasset" 136
"../../../DonCartellios001/Content/Blueprints/Mannequin/Character/Textures/UE4_Mannequin_MAT_MASKA.uasset" 137
"../../../DonCartellios001/Content/Blueprints/Mannequin/Character/Textures/UE4_Mannequin__normals.uasset" 138
"../../../DonCartellios001/Content/Blueprints/Weapons/WeaponModel/Gold.uasset" 139
"../../../DonCartellios001/Content/Blueprints/Weapons/WeaponModel/Ammo_V1.uasset" 140
"../../../DonCartellios001/Content/Blueprints/Pickups/CarbineAmmo.uasset" 141
"../../../DonCartellios001/Content/Blueprints/Pickups/RavolverAmmo.uasset" 142
"../../../DonCartellios001/Content/Blueprints/Pickups/ShotgunAmmo.uasset" 143
"../../../DonCartellios001/Content/Blueprints/Pickups/SMGAmmo.uasset" 144
"../../../DonCartellios001/Content/Art/Rooms_v4/UV_004.uasset" 145
"../../../DonCartellios001/Content/Art/Rooms_v4/lambert2.uasset" 146
"../../../DonCartellios001/Content/Art/Rooms_v4/Room_5_H_005mesh.uasset" 147
"../../../DonCartellios001/Content/Blueprints/RoomBP/Room_05.uasset" 148
"../../../DonCartellios001/Content/Blueprints/RoomBP/lambert1.uasset" 149
"../../../DonCartellios001/Content/Blueprints/RoomBP/RoomMesh/room_2_G_001.uasset" 150
"../../../DonCartellios001/Content/Blueprints/RoomBP/RoomMesh/room_3_I_001.uasset" 151
"../../../DonCartellios001/Content/Blueprints/RoomBP/RoomMesh/room_4_A_001.uasset" 152
"../../../DonCartellios001/Content/Blueprints/RoomBP/RoomMesh/Room_5_X_001.uasset" 153
"../../../Engine/Content/EngineMaterials/DefaultMaterial.uasset" 154
"../../../Engine/Content/BasicShapes/Cylinder.uasset" 155
"../../../DonCartellios001/Content/Blueprints/VR/HMDLocomotionPawn.uasset" 156
"../../../DonCartellios001/Content/Blueprints/VR/MotionControllerHaptics.uasset" 157
"../../../DonCartellios001/Content/Blueprints/Weapons/lambert1.uasset" 158
"../../../DonCartellios001/Content/Blueprints/Weapons/RPG.uasset" 159
"../../../DonCartellios001/Content/Blueprints/Weapons/WeaponModel/Predatiramisu_1.uasset" 160
"../../../DonCartellios001/Content/Blueprints/Weapons/WeaponModel/Unnamed_LazerRifle_Quick1.uasset" 161
"../../../DonCartellios001/Content/Blueprints/Weapons/WeaponModel/Unnamed_ShotGun_Quick1.uasset" 162
"../../../DonCartellios001/Content/DonCartellios_FMOD/Assets/366476__genevieve-lupke__pills-into-bottle-01.uasset" 163
"../../../DonCartellios001/Content/DonCartellios_FMOD/Assets/ambience/water_falling_sustained.uasset" 164
"../../../DonCartellios001/Content/DonCartellios_FMOD/Assets/characters/vocals/gob/Moans_Groans_10.uasset" 165
"../../../DonCartellios001/Content/DonCartellios_FMOD/Assets/characters/vocals/gob/Moans_Groans_25.uasset" 166
"../../../DonCartellios001/Content/DonCartellios_FMOD/Assets/characters/vocals/gob/Moans_Groans_33.uasset" 167
"../../../DonCartellios001/Content/DonCartellios_FMOD/Assets/characters/vocals/gob/Moans_Groans_7.uasset" 168
"../../../DonCartellios001/Content/DonCartellios_FMOD/Assets/characters/vocals/gob/Moans_Groans_8.uasset" 169
"../../../DonCartellios001/Content/DonCartellios_FMOD/Assets/characters/vocals/gob/Moans_Groans_9.uasset" 170
"../../../DonCartellios001/Content/DonCartellios_FMOD/Assets/characters/vocals/orc/Moans_Groans_12.uasset" 171
"../../../DonCartellios001/Content/DonCartellios_FMOD/Assets/characters/vocals/orc/Moans_Groans_13.uasset" 172
"../../../DonCartellios001/Content/DonCartellios_FMOD/Assets/characters/vocals/orc/Moans_Groans_22.uasset" 173
"../../../DonCartellios001/Content/DonCartellios_FMOD/Assets/characters/vocals/orc/Moans_Groans_26.uasset" 174
"../../../DonCartellios001/Content/DonCartellios_FMOD/Assets/characters/vocals/orc/Moans_Groans_5.uasset" 175
"../../../DonCartellios001/Content/DonCartellios_FMOD/Assets/characters/vocals/player/Moans_Groans_15.uasset" 176
"../../../DonCartellios001/Content/DonCartellios_FMOD/Assets/characters/vocals/player/Moans_Groans_16.uasset" 177
"../../../DonCartellios001/Content/DonCartellios_FMOD/Assets/characters/vocals/player/Moans_Groans_17.uasset" 178
"../../../DonCartellios001/Content/DonCartellios_FMOD/Assets/footsteps/footsteps_gravel_walking_006.uasset" 179
"../../../DonCartellios001/Content/DonCartellios_FMOD/Assets/footsteps/footsteps_gravel_walking_008.uasset" 180
"../../../DonCartellios001/Content/DonCartellios_FMOD/Assets/footsteps/footsteps_gravel_walking_009.uasset" 181
"../../../DonCartellios001/Content/DonCartellios_FMOD/Assets/UI/ui_1.uasset" 182
"../../../DonCartellios001/Content/DonCartellios_FMOD/Assets/UI/ui_2.uasset" 183
"../../../DonCartellios001/Content/DonCartellios_FMOD/Assets/UI/ui_select.uasset" 184
"../../../DonCartellios001/Content/DonCartellios_FMOD/Assets/weapons/carbine/Trapaholic_Snare__5_.uasset" 185
"../../../DonCartellios001/Content/DonCartellios_FMOD/Assets/weapons/RELOADS/reload_1.uasset" 186
"../../../DonCartellios001/Content/DonCartellios_FMOD/Assets/weapons/RELOADS/reload_2.uasset" 187
"../../../DonCartellios001/Content/DonCartellios_FMOD/Assets/weapons/RELOADS/reload_3.uasset" 188
"../../../DonCartellios001/Content/DonCartellios_FMOD/Assets/weapons/shotgun/metal_door_close_reverb_003.uasset" 189
"../../../Engine/Content/BasicShapes/Plane.uasset" 190
"../../../Engine/Content/BasicShapes/Sphere.uasset" 191
"../../../Engine/Content/EditorLandscapeResources/DataLayer.uasset" 192
"../../../Engine/Content/EditorMaterials/GizmoMaterial.uasset" 193
"../../../Engine/Content/EditorMaterials/MAT_Groups_Toggle.uasset" 194
"../../../Engine/Content/EditorMaterials/MAT_Groups_Visibility.uasset" 195
"../../../Engine/Content/EditorMaterials/PreviewShadowIndicator.uasset" 196
"../../../Engine/Content/EditorMaterials/PreviewShadowIndicatorMaterial.uasset" 197
"../../../Engine/Content/EditorMaterials/AssetViewer/EpicQuadPanorama_CC+EV1.uasset" 198
"../../../Engine/Content/EditorMaterials/MatineeGroups/MAT_ColorTrack.uasset" 199
"../../../Engine/Content/EditorMaterials/MatineeGroups/MAT_Groups_Anim.uasset" 200
"../../../Engine/Content/EditorMaterials/MatineeGroups/MAT_Groups_AudioMaster.uasset" 201
"../../../Engine/Content/EditorMaterials/MatineeGroups/MAT_Groups_Director.uasset" 202
"../../../Engine/Content/EditorMaterials/MatineeGroups/MAT_Groups_Event.uasset" 203
"../../../Engine/Content/EditorMaterials/MatineeGroups/MAT_Groups_Fade.uasset" 204
"../../../Engine/Content/EditorMaterials/MatineeGroups/MAT_Groups_Float.uasset" 205
"../../../Engine/Content/EditorMaterials/MatineeGroups/MAT_Groups_Move.uasset" 206
"../../../Engine/Content/EditorMaterials/MatineeGroups/MAT_Groups_Slomo.uasset" 207
"../../../Engine/Content/EditorMaterials/MatineeGroups/MAT_Groups_Sound.uasset" 208
"../../../Engine/Content/EditorMaterials/MatineeGroups/MAT_Groups_Vector.uasset" 209
"../../../Engine/Content/EditorMaterials/ParticleSystems/PSysThumbnail_NoImage.uasset" 210
"../../../Engine/Content/EditorMaterials/ParticleSystems/PSysThumbnail_OOD.uasset" 211
"../../../Engine/Content/EditorMaterials/Camera/CineMat.uasset" 212
"../../../Engine/Content/EditorMaterials/Camera/MI_CineMat_Rig.uasset" 213
"../../../Engine/Content/EditorMeshes/Camera/SM_CraneRig_Arm.uasset" 214
"../../../Engine/Content/EditorMeshes/Camera/SM_CraneRig_Base.uasset" 215
"../../../Engine/Content/EditorMeshes/Camera/SM_CraneRig_Body.uasset" 216
"../../../Engine/Content/EditorMeshes/Camera/SM_CraneRig_Mount.uasset" 217
"../../../Engine/Content/EditorMeshes/Camera/SM_RailRig_Mount.uasset" 218
"../../../Engine/Content/EditorMeshes/Camera/SM_RailRig_Track.uasset" 219
"../../../Engine/Content/EditorMeshes/ColorCalibrator/M_ChromeBall.uasset" 220
"../../../Engine/Content/EditorMeshes/ColorCalibrator/M_ClearCoat.uasset" 221
"../../../Engine/Content/EditorMeshes/ColorCalibrator/M_ClearCoatBlack.uasset" 222
"../../../Engine/Content/EditorMeshes/ColorCalibrator/T_ColorGrid.uasset" 223
"../../../Engine/Content/EditorMeshes/ColorCalibrator/M_ColorGrid.uasset" 224
"../../../Engine/Content/EditorMeshes/ColorCalibrator/M_GreyBall.uasset" 225
"../../../Engine/Content/EditorMeshes/ColorCalibrator/SM_ColorCalibrator.uasset" 226
"../../../Engine/Content/EditorResources/BSPVertex.uasset" 227
"../../../Engine/Content/EditorResources/EmptyActor.uasset" 228
"../../../Engine/Content/EditorResources/S_Actor.uasset" 229
"../../../Engine/Content/EditorResources/S_Trigger.uasset" 230
"../../../Engine/Content/EditorResources/LightIcons/S_LightError.uasset" 231
"../../../Engine/Content/EditorResources/SequenceRecorder/Countdown.uasset" 232
"../../../Engine/Content/EditorResources/SequenceRecorder/RecordingIndicator.uasset" 233
"../../../Engine/Content/EditorSounds/Notifications/CompileFailed.uasset" 234
"../../../Engine/Content/EditorSounds/Notifications/CompileFailed_Cue.uasset" 235
"../../../Engine/Content/EditorSounds/Notifications/CompileSuccess.uasset" 236
"../../../Engine/Content/EditorSounds/Notifications/CompileStart_Cue.uasset" 237
"../../../Engine/Content/EditorSounds/Notifications/CompileSuccess_Cue.uasset" 238
"../../../Engine/Content/EngineDamageTypes/DmgTypeBP_Environmental.uasset" 239
"../../../Engine/Content/EngineDebugMaterials/HeatmapGradient.uasset" 240
"../../../Engine/Content/EngineDebugMaterials/BoneWeightMaterial.uasset" 241
"../../../Engine/Content/EngineDebugMaterials/ClothMaterial.uasset" 242
"../../../Engine/Content/EngineDebugMaterials/ClothMaterial_WF.uasset" 243
"../../../Engine/Content/EngineDebugMaterials/DebugEditorMaterial.uasset" 244
"../../../Engine/Content/EngineDebugMaterials/DebugMeshMaterial.uasset" 245
"../../../Engine/Content/EngineDebugMaterials/GeomMaterial.uasset" 246
"../../../Engine/Content/EngineFonts/Faces/RobotoBold.uasset" 247
"../../../Engine/Content/EngineFonts/Faces/RobotoBoldItalic.uasset" 248
"../../../Engine/Content/EngineFonts/Faces/RobotoItalic.uasset" 249
"../../../Engine/Content/EngineFonts/Faces/RobotoLight.uasset" 250
"../../../Engine/Content/EngineFonts/Faces/RobotoRegular.uasset" 251
"../../../Engine/Content/EngineFonts/Roboto.uasset" 252
"../../../Engine/Content/EngineFonts/Faces/RobotoTiny.uasset" 253
"../../../Engine/Content/EngineFonts/RobotoTiny.uasset" 254
"../../../Engine/Content/EngineMaterials/DefaultBloomKernel.uasset" 255
"../../../Engine/Content/EngineMaterials/DefaultBokeh.uasset" 256
"../../../Engine/Content/EngineMaterials/DefaultDiffuse.uasset" 257
"../../../Engine/Content/EngineMaterials/DefaultDeferredDecalMaterial.uasset" 258
"../../../Engine/Content/EngineMaterials/DefaultLightFunctionMaterial.uasset" 259
"../../../Engine/Content/EngineMaterials/DefaultPhysicalMaterial.uasset" 260
"../../../Engine/Content/Functions/Engine_MaterialFunctions02/Utility/BreakOutFloat2Components.uasset" 261
"../../../Engine/Content/EngineMaterials/DefaultPostProcessMaterial.uasset" 262
"../../../Engine/Content/EngineFonts/RobotoDistanceField.uasset" 263
"../../../Engine/Content/EngineMaterials/DefaultTextMaterialOpaque.uasset" 264
"../../../Engine/Content/EngineMaterials/DefaultWhiteGrid.uasset" 265
"../../../Engine/Content/EngineMaterials/EditorBrushMaterial.uasset" 266
"../../../Engine/Content/EngineMaterials/Good64x64TilingNoiseHighFreq.uasset" 267
"../../../Engine/Content/EngineMaterials/MiniFont.uasset" 268
"../../../Engine/Content/EngineMaterials/InvalidLightmapSettings.uasset" 269
"../../../Engine/Content/EngineMaterials/M_InvalidLightmapSettings.uasset" 270
"../../../Engine/Content/EngineMaterials/PhAT_JointLimitMaterial.uasset" 271
"../../../Engine/Content/EngineMaterials/PreintegratedSkinBRDF.uasset" 272
"../../../Engine/Content/EngineMaterials/RemoveSurfaceMaterial.uasset" 273
"../../../Engine/Content/EngineMaterials/WeightMapPlaceholderTexture.uasset" 274
"../../../Engine/Content/EngineResources/WhiteSquareTexture.uasset" 275
"../../../Engine/Content/EngineMaterials/Widget3DPassThrough.uasset" 276
"../../../Engine/Content/EngineMaterials/Widget3DPassThrough_Masked.uasset" 277
"../../../Engine/Content/EngineMaterials/Widget3DPassThrough_Opaque.uasset" 278
"../../../Engine/Content/EngineMaterials/Widget3DPassThrough_Masked_OneSided.uasset" 279
"../../../Engine/Content/EngineMaterials/Widget3DPassThrough_Opaque_OneSided.uasset" 280
"../../../Engine/Content/EngineMaterials/Widget3DPassThrough_Translucent.uasset" 281
"../../../Engine/Content/EngineMaterials/Widget3DPassThrough_Translucent_OneSided.uasset" 282
"../../../Engine/Content/EngineMeshes/Cube.uasset" 283
"../../../Engine/Content/EngineMeshes/Cylinder.uasset" 284
"../../../Engine/Content/EngineMeshes/Sphere.uasset" 285
"../../../Engine/Content/EngineResources/Black.uasset" 286
"../../../Engine/Content/EngineResources/DefaultTexture.uasset" 287
"../../../Engine/Content/EngineResources/DefaultTextureCube.uasset" 288
"../../../Engine/Content/EngineResources/GradientTexture0.uasset" 289
"../../../Engine/Content/EngineSounds/Master.uasset" 290
"../../../Engine/Content/Functions/Engine_MaterialFunctions01/Shading/ConvertFromDiffSpec.uasset" 291
"../../../Engine/Content/Functions/Engine_MaterialFunctions01/Shading/PowerToRoughness.uasset" 292
"../../../Engine/Content/Maps/Templates/Thumbnails/Default.uasset" 293
"../../../Engine/Content/Maps/Templates/Thumbnails/VR-Basic.uasset" 294
"../../../Engine/Content/MobileResources/T_MobileControls_texture.uasset" 295
"../../../Engine/Content/MobileResources/T_MobileMenu2.uasset" 296
"../../../Engine/Content/MobileResources/HUD/AnalogHat.uasset" 297
"../../../Engine/Content/MobileResources/HUD/VirtualJoystick_Background.uasset" 298
"../../../Engine/Content/MobileResources/HUD/VirtualJoystick_Thumb.uasset" 299
"../../../Engine/Content/MobileResources/HUD/DefaultVirtualJoysticks.uasset" 300
"../../../Engine/Content/MobileResources/HUD/LeftVirtualJoystickOnly.uasset" 301
"../../../Engine/Content/MobileResources/HUD/MobileHUDButton1_off.uasset" 302
"../../../Engine/Content/MobileResources/HUD/MobileHUDButton1_on.uasset" 303
"../../../Engine/Content/MobileResources/HUD/MobileHUDButton2_off.uasset" 304
"../../../Engine/Content/MobileResources/HUD/MobileHUDButton2_on.uasset" 305
"../../../Engine/Content/MobileResources/HUD/MobileHUDButton3.uasset" 306
"../../../Engine/Content/MobileResources/HUD/MobileHUDButtonFire.uasset" 307
"../../../Engine/Content/MobileResources/HUD/MobileHUDDirectionPad.uasset" 308
"../../../Engine/Content/MobileResources/HUD/MobileHUDDirectionPad2.uasset" 309
"../../../Engine/Content/MobileResources/HUD/MobileHUDDirectionPad3.uasset" 310
"../../../Engine/Content/MobileResources/HUD/MobileHUDDirectionStick.uasset" 311
"../../../Engine/Content/MobileResources/HUD/T_Castle_ThumbstickInner.uasset" 312
"../../../Engine/Content/MobileResources/HUD/T_Castle_ThumbstickOutter.uasset" 313
"../../../Engine/Content/Tutorial/ContentIntroCurve.uasset" 314
"../../../Engine/Content/Tutorial/Basics/TutorialAssets/icon_tab_Levels_40x.uasset" 315
"../../../Engine/Content/Tutorial/BlueprintTutorials/TutorialAssets/BlueprintInterface_64x.uasset" 316
"../../../Engine/Content/Tutorial/BlueprintTutorials/TutorialAssets/BlueprintMacroLibrary_64x.uasset" 317
"../../../Engine/Content/Tutorial/BlueprintTutorials/TutorialAssets/Blueprint_64x.uasset" 318
"../../../Engine/Content/Tutorial/BlueprintTutorials/TutorialAssets/Tutorial_BP_Interface.uasset" 319
"../../../Engine/Content/Tutorial/Foliage/TutorialAssets/Foliage.uasset" 320
"../../../Engine/Content/Tutorial/Landscape/TutorialAssets/Landscape.uasset" 321
"../../../Engine/Content/Tutorial/Paper2D/TutorialAssets/Paper2DFlipbook_TutorialIcon.uasset" 322
"../../../Engine/Content/Tutorial/Paper2D/TutorialAssets/Paper2DSprite_TutorialIcon.uasset" 323
"../../../Engine/Content/Tutorial/SubEditors/TutorialAssets/icon_Editor_Preferences_General_40x.uasset" 324
"../../../Engine/Content/Tutorial/SubEditors/TutorialAssets/icon_ShowSkeletalMeshes_40x.uasset" 325
"../../../Engine/Content/Tutorial/SubEditors/TutorialAssets/TutorialMaterial.uasset" 326
"../../../Engine/Content/Tutorial/SubEditors/TutorialAssets/T_SmokeSubUV_8X8.uasset" 327
"../../../Engine/Content/Tutorial/SubEditors/TutorialAssets/T_soft_smoke.uasset" 328
"../../../Engine/Content/Tutorial/SubEditors/TutorialAssets/M_smoke_subUV_blackbody.uasset" 329
"../../../Engine/Content/Tutorial/SubEditors/TutorialAssets/TutorialParticleSystem.uasset" 330
"../../../Engine/Content/EditorMeshes/EditorCube.uasset" 331
"../../../Engine/Content/Tutorial/SubEditors/TutorialAssets/Tutorial_DM.uasset" 332
"../../../Engine/Content/VREditor/Devices/Generic/GenericHMDMaterial.uasset" 333
"../../../Engine/Content/VREditor/Devices/Generic/GenericHMD.uasset" 334
"../../../Engine/Content/VREditor/FloatingText/LineMaterial.uasset" 335
"../../../Engine/Content/VREditor/FloatingText/JointSphere.uasset" 336
"../../../Engine/Content/VREditor/FloatingText/LineSegmentCylinder.uasset" 337
"../../../Engine/Content/VREditor/Fonts/VRText_RobotoLarge.uasset" 338
"../../../Engine/Content/VREditor/Fonts/VRTextMaterial.uasset" 339
"../../../Engine/Content/VREditor/Fonts/TranslucentVRTextMaterial.uasset" 340
"../../../Engine/Content/VREditor/LaserPointer/CursorPointer.uasset" 341
"../../../Engine/Content/VREditor/TransformGizmo/TransformGizmoMaterial.uasset" 342
"../../../Engine/Content/VREditor/LaserPointer/HoverMaterial.uasset" 343
"../../../Engine/Content/VREditor/TransformGizmo/TranslucentTransformGizmoMaterial.uasset" 344
"../../../Engine/Content/VREditor/LaserPointer/TranslucentHoverMaterial.uasset" 345
"../../../Engine/Content/VREditor/LaserPointer/HoverMesh.uasset" 346
"../../../Engine/Content/VREditor/LaserPointer/TranslucentLaserPointerMaterialInst.uasset" 347
"../../../Engine/Content/VREditor/LaserPointer/LaserPointerMesh.uasset" 348
"../../../Engine/Content/VREditor/LaserPointer/LaserPointerMesh_End.uasset" 349
"../../../Engine/Content/VREditor/LaserPointer/LaserPointerMesh_Start.uasset" 350
"../../../Engine/Content/Functions/Engine_MaterialFunctions02/Utility/BreakOutFloat3Components.uasset" 351
"../../../Engine/Content/Functions/Engine_MaterialFunctions02/Math/Transform3x3Matrix.uasset" 352
"../../../Engine/Content/Functions/Engine_MaterialFunctions02/SplitComponents.uasset" 353
"../../../Engine/Content/Functions/Engine_MaterialFunctions02/Utility/MakeFloat3.uasset" 354
"../../../Engine/Content/VREditor/SnapGrid/SnapGridMaterial.uasset" 355
"../../../Engine/Content/VREditor/SnapGrid/SnapGridPlaneMesh.uasset" 356
"../../../Engine/Content/VREditor/Sounds/VR_teleport.uasset" 357
"../../../Engine/Content/VREditor/Sounds/UI/Click_on_Button_Cue.uasset" 358
"../../../Engine/Content/VREditor/Sounds/UI/Dockable_Window_Close.uasset" 359
"../../../Engine/Content/VREditor/Sounds/UI/Dockable_Window_Drop.uasset" 360
"../../../Engine/Content/VREditor/Sounds/UI/Dockable_Window_Open.uasset" 361
"../../../Engine/Content/VREditor/Sounds/UI/Dockable_Window_Pick_Up.uasset" 362
"../../../Engine/Content/VREditor/Sounds/UI/Drop_Item_From_ContentBrowser.uasset" 363
"../../../Engine/Content/VREditor/Sounds/UI/Floating_UI_Open-001.uasset" 364
"../../../Engine/Content/VREditor/Sounds/UI/Gizmo_Handle_Clicked.uasset" 365
"../../../Engine/Content/VREditor/Sounds/UI/Object_PickUp.uasset" 366
"../../../Engine/Content/VREditor/Sounds/UI/Object_Snaps_To_Another_Actor.uasset" 367
"../../../Engine/Content/VREditor/Sounds/UI/Object_Snaps_To_Grid.uasset" 368
"../../../Engine/Content/VREditor/Sounds/UI/Radial_Menu_FadeOut.uasset" 369
"../../../Engine/Content/VREditor/Sounds/UI/Scaling_Down.uasset" 370
"../../../Engine/Content/VREditor/Sounds/UI/Scaling_Up.uasset" 371
"../../../Engine/Content/VREditor/Sounds/UI/Selection_Changes.uasset" 372
"../../../Engine/Content/VREditor/Sounds/UI/Teleport_Mode_Entered.uasset" 373
"../../../Engine/Content/VREditor/Teleport/TeleportDirectionMaterial.uasset" 374
"../../../Engine/Content/VREditor/Teleport/TeleportDirectionMaterial_Inst.uasset" 375
"../../../Engine/Content/VREditor/Teleport/TeleportDirectionMesh.uasset" 376
"../../../Engine/Content/VREditor/TransformGizmo/BoundingBoxCorner.uasset" 377
"../../../Engine/Content/VREditor/TransformGizmo/BoundingBoxEdge.uasset" 378
"../../../Engine/Content/VREditor/TransformGizmo/PlaneTranslationHandle.uasset" 379
"../../../Engine/Content/VREditor/TransformGizmo/RotationHandleFull.uasset" 380
"../../../Engine/Content/VREditor/TransformGizmo/RotationHandleIndicator.uasset" 381
"../../../Engine/Content/VREditor/TransformGizmo/RotationHandleQuarter.uasset" 382
"../../../Engine/Content/VREditor/TransformGizmo/Xray.uasset" 383
"../../../Engine/Content/VREditor/TransformGizmo/SM_Dialog_Close.uasset" 384
"../../../Engine/Content/VREditor/TransformGizmo/SM_Dialog_Move.uasset" 385
"../../../Engine/Content/VREditor/TransformGizmo/SM_Sequencer_Key.uasset" 386
"../../../Engine/Content/VREditor/TransformGizmo/StartRotationHandleIndicator.uasset" 387
"../../../Engine/Content/VREditor/TransformGizmo/TranslucentTransformGizmoMaterial_Inst.uasset" 388
"../../../Engine/Content/VREditor/TransformGizmo/TransformGizmoFreeRotation.uasset" 389
"../../../Engine/Content/VREditor/TransformGizmo/TransformGizmoMaterial_Inst.uasset" 390
"../../../Engine/Content/VREditor/TransformGizmo/TranslateArrowHandle.uasset" 391
"../../../Engine/Content/VREditor/TransformGizmo/UniformScaleHandle.uasset" 392
"../../../Engine/Content/VREditor/UI/KeyDiskMaterial.uasset" 393
"../../../Engine/Content/VREditor/UI/DiscMaterial.uasset" 394
"../../../Engine/Content/VREditor/UI/SM_Radial_Disk.uasset" 395
"../../../Engine/Content/Functions/Engine_MaterialFunctions01/Gradient/RadialGradient.uasset" 396
"../../../Engine/Content/VREditor/WorldMovementGrid/SimpleGrid.uasset" 397
"../../../Engine/Content/VREditor/WorldMovementGrid/GridMaterial.uasset" 398
"../../../Engine/Content/Functions/Engine_MaterialFunctions01/Density/ExponentialDensity.uasset" 399
"../../../Engine/Content/VREditor/WorldMovementGrid/GridPostProcess.uasset" 400
"../../../Engine/Content/EditorLandscapeResources/FlattenHeightMat.uasset" 401
"../../../Engine/Content/VREditor/WorldMovementGrid/PlaneMesh.uasset" 402
"../../../Engine/Plugins/2D/Paper2D/Content/PlaceholderTextures/DummySpriteTexture.uasset" 403
"../../../Engine/Plugins/2D/Paper2D/Content/DummySprite.uasset" 404
"../../../Engine/Plugins/2D/Paper2D/Content/DefaultPaperTerrainMaterial.uasset" 405
"../../../Engine/Plugins/2D/Paper2D/Content/DefaultSpriteMaterial.uasset" 406
"../../../Engine/Plugins/2D/Paper2D/Content/MaskedUnlitSpriteMaterial.uasset" 407
"../../../Engine/Plugins/2D/Paper2D/Content/OpaqueUnlitSpriteMaterial.uasset" 408
"../../../Engine/Plugins/Runtime/Oculus/OculusVR/Content/Textures/GearVRController_AO.uasset" 409
"../../../Engine/Plugins/Runtime/Oculus/OculusVR/Content/Textures/GearVRController_Color.uasset" 410
"../../../Engine/Plugins/Runtime/Oculus/OculusVR/Content/Textures/GearVRController_Normal.uasset" 411
"../../../Engine/Plugins/Runtime/Oculus/OculusVR/Content/Materials/GearVRControllerMaterial.uasset" 412
"../../../Engine/Plugins/Runtime/Oculus/OculusVR/Content/Meshes/GearVrController.uasset" 413
"../../../DonCartellios001/Plugins/FMODStudio/Content/AnimNotify_FMODPlayEvent.uasset" 414
"../../../DonCartellios001/Content/Art/Assets/HUD/exit_button.uasset" 415
"../../../DonCartellios001/Content/Art/Assets/HUD/exit_button_light.uasset" 416
"../../../DonCartellios001/Content/Art/Assets/HUD/LogoDC.uasset" 417
"../../../DonCartellios001/Content/Art/Assets/HUD/retry_button.uasset" 418
"../../../DonCartellios001/Content/Art/Assets/HUD/retry_button_light.uasset" 419
"../../../DonCartellios001/Content/Blueprints/HUD/GameOver.uasset" 420
"../../../DonCartellios001/Content/Blueprints/HUD/GameOverHUD.uasset" 421
"../../../DonCartellios001/Content/Blueprints/PlayerController.uasset" 422
"../../../DonCartellios001/Content/Blueprints/MenuController.uasset" 423
"../../../DonCartellios001/Content/Blueprints/HUD/GameOverMode.uasset" 424
"../../../DonCartellios001/Content/Maps/GameOver.umap" 425
"../../../DonCartellios001/Content/Art/Assets/HUD/1280x720_butt.uasset" 426
"../../../DonCartellios001/Content/Art/Assets/HUD/1280x720_butt_lit.uasset" 427
"../../../DonCartellios001/Content/Art/Assets/HUD/1920x1080_butt.uasset" 428
"../../../DonCartellios001/Content/Art/Assets/HUD/1920x1080_butt_lit.uasset" 429
"../../../DonCartellios001/Content/Art/Assets/HUD/640x480_butt.uasset" 430
"../../../DonCartellios001/Content/Art/Assets/HUD/640x480_butt_lit.uasset" 431
"../../../DonCartellios001/Content/Art/Assets/HUD/options_button.uasset" 432
"../../../DonCartellios001/Content/Art/Assets/HUD/options_button_light.uasset" 433
"../../../DonCartellios001/Content/Art/Assets/HUD/start_button.uasset" 434
"../../../DonCartellios001/Content/Art/Assets/HUD/start_button_light.uasset" 435
"../../../DonCartellios001/Content/Blueprints/HUD/MainMenuWidget.uasset" 436
"../../../DonCartellios001/Content/Blueprints/HUD/MainMenuHUD.uasset" 437
"../../../DonCartellios001/Content/Blueprints/HUD/MainMenuMode.uasset" 438
"../../../DonCartellios001/Content/Maps/MainMenu.umap" 439
"../../../Engine/Content/EngineSky/C_Sky_Cloud_Color.uasset" 440
"../../../Engine/Content/EngineSky/C_Sky_Horizon_Color.uasset" 441
"../../../Engine/Content/EngineSky/C_Sky_Zenith_Color.uasset" 442
"../../../Engine/Content/EngineSky/T_Sky_Blue.uasset" 443
"../../../Engine/Content/EngineSky/T_Sky_Clouds_M.uasset" 444
"../../../Engine/Content/EngineSky/T_Sky_Stars.uasset" 445
"../../../Engine/Content/EngineSky/M_Sky_Panning_Clouds2.uasset" 446
"../../../Engine/Content/EngineSky/SM_SkySphere.uasset" 447
"../../../Engine/Content/EngineSky/BP_Sky_Sphere.uasset" 448
"../../../DonCartellios001/Content/Materials/mat_test.uasset" 449
"../../../Engine/Content/BasicShapes/Cone.uasset" 450
"../../../DonCartellios001/Content/Blueprints/PlayerCharacter.uasset" 451
"../../../DonCartellios001/Content/Blueprints/GameMode01.uasset" 452
"../../../DonCartellios001/Content/Maps/map_test_BuiltData.uasset" 453
"../../../Engine/Content/MapTemplates/SM_Template_Map_Floor.uasset" 454
"../../../DonCartellios001/Content/Maps/map_test.umap" 455
"../../../DonCartellios001/Content/Art/Assets/seats/lambert1.uasset" 456
"../../../DonCartellios001/Content/Art/Assets/seats/lambert7.uasset" 457
"../../../DonCartellios001/Content/Art/Assets/seats/bench_001.uasset" 458
"../../../DonCartellios001/Content/Blueprints/RoomAssetBP/Bench_BP.uasset" 459
"../../../DonCartellios001/Content/Art/Assets/bottles_shelves/props_alb_001.uasset" 460
"../../../DonCartellios001/Content/Art/Assets/bottles_shelves/props_transp_001.uasset" 461
"../../../DonCartellios001/Content/Art/Assets/bottles_shelves/bottles_glass.uasset" 462
"../../../DonCartellios001/Content/Art/Assets/bottles_shelves/bottle_001.uasset" 463
"../../../DonCartellios001/Content/Art/Assets/bottles_shelves/glass_001.uasset" 464
"../../../DonCartellios001/Content/Art/Assets/pizzas_bases/pizza_002.uasset" 465
"../../../DonCartellios001/Content/Art/Assets/pizzas_bases/pizza.uasset" 466
"../../../DonCartellios001/Content/Art/Assets/pizzas_bases/pizza_001.uasset" 467
"../../../DonCartellios001/Content/Art/Assets/tables/_002/lambert13.uasset" 468
"../../../DonCartellios001/Content/Art/Assets/tables/_002/Red.uasset" 469
"../../../DonCartellios001/Content/Art/Assets/tables/_002/table_rug_002.uasset" 470
"../../../DonCartellios001/Content/Blueprints/RoomAssetBP/Table_rug_BP.uasset" 471
"../../../DonCartellios001/Content/Art/Assets/bottles_shelves/big_wine_shelf_alb.uasset" 472
"../../../DonCartellios001/Content/Art/Assets/bottles_shelves/big_wine_shelf_transp.uasset" 473
"../../../DonCartellios001/Content/Art/Assets/bottles_shelves/big_shelf.uasset" 474
"../../../DonCartellios001/Content/Art/Assets/bottles_shelves/big_wine_shelf_001.uasset" 475
"../../../DonCartellios001/Content/Art/Assets/bottles_shelves/small_wine_shelf_alb.uasset" 476
"../../../DonCartellios001/Content/Art/Assets/bottles_shelves/small_wine_shelf_transp.uasset" 477
"../../../DonCartellios001/Content/Art/Assets/bottles_shelves/small_shelf.uasset" 478
"../../../DonCartellios001/Content/Art/Assets/bottles_shelves/small_wine_shelf_001.uasset" 479
"../../../DonCartellios001/Content/Art/Assets/bottles_shelves/wall_wine_s_alb.uasset" 480
"../../../DonCartellios001/Content/Art/Assets/bottles_shelves/wall_wine_shelf_transp.uasset" 481
"../../../DonCartellios001/Content/Art/Assets/bottles_shelves/Wall_shelf.uasset" 482
"../../../DonCartellios001/Content/Art/Assets/bottles_shelves/wall_wine_shelf_001.uasset" 483
"../../../DonCartellios001/Content/Art/Assets/plants/_002/lambert10.uasset" 484
"../../../DonCartellios001/Content/Art/Assets/plants/_002/lambert11.uasset" 485
"../../../DonCartellios001/Content/Art/Assets/plants/_002/lambert9.uasset" 486
"../../../DonCartellios001/Content/Art/Assets/plants/_002/fluffy_plant_002.uasset" 487
"../../../DonCartellios001/Content/Art/Assets/plants/_002/lambert15.uasset" 488
"../../../DonCartellios001/Content/Art/Assets/plants/_002/lambert16.uasset" 489
"../../../DonCartellios001/Content/Art/Assets/plants/_002/lambert17.uasset" 490
"../../../DonCartellios001/Content/Art/Assets/plants/_002/Tall_plant_002.uasset" 491
"../../../DonCartellios001/Content/Art/Rooms_v4/room_2_G_004.uasset" 492
"../../../DonCartellios001/Content/Blueprints/RoomBP/Room_02.uasset" 493
"../../../DonCartellios001/Content/Art/Assets/tables/_002/lambert14.uasset" 494
"../../../DonCartellios001/Content/Art/Assets/tables/_002/Red1.uasset" 495
"../../../DonCartellios001/Content/Art/Assets/tables/_002/table_rug_circ_002.uasset" 496
"../../../DonCartellios001/Content/Blueprints/RoomAssetBP/Table_rug_circ__BP.uasset" 497
"../../../DonCartellios001/Content/Art/Assets/pizzas_bases/pizza_board_002.uasset" 498
"../../../DonCartellios001/Content/Art/Assets/pizzas_bases/base.uasset" 499
"../../../DonCartellios001/Content/Art/Assets/pizzas_bases/pizza_boards_v1_002.uasset" 500
"../../../DonCartellios001/Content/Art/Assets/pizzas_bases/pizza_boards_v2_002.uasset" 501
"../../../DonCartellios001/Content/Art/Rooms_v4/room_3_I_004.uasset" 502
"../../../DonCartellios001/Content/Blueprints/RoomBP/Room_03.uasset" 503
"../../../DonCartellios001/Content/Art/Rooms_v4/lambert3.uasset" 504
"../../../DonCartellios001/Content/Art/Rooms_v4/Room_5_X_004.uasset" 505
"../../../DonCartellios001/Content/Blueprints/RoomBP/Room_04.uasset" 506
"../../../DonCartellios001/Content/Blueprints/VR/MotionControllerPawn.uasset" 507
"../../../DonCartellios001/Content/Map_BuiltData.uasset" 508
"../../../DonCartellios001/Content/Map.umap" 509
"../../../DonCartellios001/Content/Blueprints/MapGen/Path.uasset" 510
"../../../DonCartellios001/Content/Art/Rooms_v4/room_1_Q_004.uasset" 511
"../../../DonCartellios001/Content/Blueprints/RoomBP/Room_01.uasset" 512
"../../../DonCartellios001/Content/Blueprints/RoomBP/RoomBoss.uasset" 513
"../../../DonCartellios001/Content/Blueprints/RoomBP/RoomStart.uasset" 514
"../../../DonCartellios001/Content/Art/Assets/HUD/bullet_001.uasset" 515
"../../../DonCartellios001/Content/Art/Assets/HUD/pill_001.uasset" 516
"../../../DonCartellios001/Content/Blueprints/HUD/HUDWidget.uasset" 517
"../../../DonCartellios001/Content/Blueprints/HUD/HUDBP.uasset" 518
"../../../DonCartellios001/Content/Blueprints/TopDownGameMode.uasset" 519
"../../../DonCartellios001/Content/MapGen_BuiltData.uasset" 520
"../../../Engine/Content/MapTemplates/Materials/BasicAsset02.uasset" 521
"../../../DonCartellios001/Content/MapGen.umap" 522
"../../../DonCartellios001/Content/TestMap.umap" 523
"../../../Engine/Content/Maps/Entry.umap" 524
